<?xml version="1.0" encoding="UTF-8"?>
<!-- Generated by org.testng.reporters.JUnitReportReporter -->
<testsuite hostname="DESKTOP-U376SH8" failures="0" tests="10" name="api.test.DDTests" time="18.723" errors="0" timestamp="2024-09-25T16:23:54 IST" skipped="0">
  <testcase classname="api.test.DDTests" name="testPostUser" time="1.559"/>
  <testcase classname="api.test.DDTests" name="testPostUser" time="1.610"/>
  <testcase classname="api.test.DDTests" name="testPostUser" time="1.511"/>
  <testcase classname="api.test.DDTests" name="testPostUser" time="1.532"/>
  <testcase classname="api.test.DDTests" name="testPostUser" time="4.950"/>
  <testcase classname="api.test.DDTests" name="testDeleteUserByName" time="1.488"/>
  <testcase classname="api.test.DDTests" name="testDeleteUserByName" time="1.473"/>
  <testcase classname="api.test.DDTests" name="testDeleteUserByName" time="1.541"/>
  <testcase classname="api.test.DDTests" name="testDeleteUserByName" time="1.491"/>
  <testcase classname="api.test.DDTests" name="testDeleteUserByName" time="1.568"/>
</testsuite> <!-- api.test.DDTests -->
