<?xml version="1.0" encoding="UTF-8"?>
<!-- Generated by org.testng.reporters.JUnitReportReporter -->
<testsuite hostname="DESKTOP-U376SH8" failures="0" tests="4" name="api.test.UserTests" time="8.276" errors="0" timestamp="2024-09-25T16:23:54 IST" skipped="0">
  <testcase classname="api.test.UserTests" name="testPostUser" time="1.629"/>
  <testcase classname="api.test.UserTests" name="testGetUserByName" time="1.540"/>
  <testcase classname="api.test.UserTests" name="testUpdateUserByName" time="3.138"/>
  <testcase classname="api.test.UserTests" name="deleteUserByName" time="1.969"/>
</testsuite> <!-- api.test.UserTests -->
