<?xml version="1.0" encoding="UTF-8"?>
<!-- Generated by org.testng.reporters.JUnitReportReporter -->
<testsuite hostname="DESKTOP-U376SH8" failures="0" tests="10" name="api.test.DDTests" time="17.705" errors="0" timestamp="2024-09-24T16:43:39 IST" skipped="0">
  <testcase classname="api.test.DDTests" name="testPostUser" time="1.291"/>
  <system-out/>
  <testcase classname="api.test.DDTests" name="testPostUser" time="1.322"/>
  <system-out/>
  <testcase classname="api.test.DDTests" name="testPostUser" time="5.795"/>
  <system-out/>
  <testcase classname="api.test.DDTests" name="testPostUser" time="1.348"/>
  <system-out/>
  <testcase classname="api.test.DDTests" name="testPostUser" time="1.397"/>
  <system-out/>
  <testcase classname="api.test.DDTests" name="testDeleteUserByName" time="1.303"/>
  <system-out/>
  <testcase classname="api.test.DDTests" name="testDeleteUserByName" time="1.262"/>
  <system-out/>
  <testcase classname="api.test.DDTests" name="testDeleteUserByName" time="1.285"/>
  <system-out/>
  <testcase classname="api.test.DDTests" name="testDeleteUserByName" time="1.360"/>
  <system-out/>
  <testcase classname="api.test.DDTests" name="testDeleteUserByName" time="1.342"/>
  <system-out/>
</testsuite> <!-- api.test.DDTests -->
