<?xml version="1.0" encoding="UTF-8"?>
<!-- Generated by org.testng.reporters.JUnitReportReporter -->
<testsuite hostname="DESKTOP-U376SH8" failures="0" tests="4" name="api.test.UserTests2" time="12.301" errors="0" timestamp="2024-09-25T15:09:05 IST" skipped="0">
  <testcase classname="api.test.UserTests2" name="testPostUser" time="6.049"/>
  <system-out/>
  <testcase classname="api.test.UserTests2" name="testGetUserByName" time="1.663"/>
  <system-out/>
  <testcase classname="api.test.UserTests2" name="testUpdateUserByName" time="3.094"/>
  <system-out/>
  <testcase classname="api.test.UserTests2" name="deleteUserByName" time="1.495"/>
  <system-out/>
</testsuite> <!-- api.test.UserTests2 -->
