<?xml version="1.0" encoding="UTF-8"?>
<!-- Generated by org.testng.reporters.JUnitReportReporter -->
<testsuite hostname="DESKTOP-U376SH8" failures="0" tests="4" name="api.test.UserTests" time="12.666" errors="0" timestamp="2024-09-25T13:50:32 IST" skipped="0">
  <testcase classname="api.test.UserTests" name="testPostUser" time="5.223"/>
  <system-out/>
  <testcase classname="api.test.UserTests" name="testGetUserByName" time="1.626"/>
  <system-out/>
  <testcase classname="api.test.UserTests" name="testUpdateUserByName" time="3.125"/>
  <system-out/>
  <testcase classname="api.test.UserTests" name="deleteUserByName" time="2.692"/>
  <system-out/>
</testsuite> <!-- api.test.UserTests -->
